<?xml version="1.0" encoding="UTF-8"?>
<!-- Generated by org.testng.reporters.JUnitReportReporter -->
<testsuite hostname="Faizan" failures="0" tests="1" name="com.myapplication.qa.testcases.MyAccountPageTest" time="47.891" errors="0" timestamp="21 Sep 2022 06:54:45 GMT" skipped="0">
  <testcase classname="com.myapplication.qa.testcases.MyAccountPageTest" name="searchProduct" time="47.891"/>
</testsuite> <!-- com.myapplication.qa.testcases.MyAccountPageTest -->
