<?xml version="1.0" encoding="UTF-8"?>
<!-- Generated by org.testng.reporters.JUnitReportReporter -->
<testsuite hostname="Faizan" failures="0" tests="3" name="com.myapplication.qa.testcases.LoginPageTest" time="47.721" errors="0" timestamp="21 Sep 2022 07:10:30 GMT" skipped="0">
  <testcase classname="com.myapplication.qa.testcases.LoginPageTest" name="verifyTitle" time="8.029"/>
  <testcase classname="com.myapplication.qa.testcases.LoginPageTest" name="verifylogo" time="8.817"/>
  <testcase classname="com.myapplication.qa.testcases.LoginPageTest" name="login" time="30.875"/>
</testsuite> <!-- com.myapplication.qa.testcases.LoginPageTest -->
